0 info it worked if it ends with ok
1 verbose cli [ 'C:\\Program Files\\nodejs\\node.exe',
1 verbose cli   'C:\\Program Files\\nodejs\\node_modules\\npm\\bin\\npm-cli.js',
1 verbose cli   'start' ]
2 info using npm@3.10.10
3 info using node@v6.11.1
4 verbose run-script [ 'prestart', 'start', 'poststart' ]
5 info lifecycle book-suggestor@1.0.0~prestart: book-suggestor@1.0.0
6 verbose lifecycle book-suggestor@1.0.0~prestart: unsafe-perm in lifecycle true
7 verbose lifecycle book-suggestor@1.0.0~prestart: PATH: C:\Program Files\nodejs\node_modules\npm\bin\node-gyp-bin;F:\Work\eMumba\Angular\ShouldIReadThisBook\node_modules\.bin;C:\ProgramData\Oracle\Java\javapath;C:\WINDOWS\system32;C:\WINDOWS;C:\WINDOWS\System32\Wbem;C:\WINDOWS\System32\WindowsPowerShell\v1.0\;C:\Program Files\PuTTY\;C:\Program Files (x86)\Windows Kits\8.1\Windows Performance Toolkit\;C:\Program Files\Microsoft SQL Server\110\Tools\Binn\;C:\Program Files (x86)\Microsoft SDKs\TypeScript\1.0\;C:\Program Files\Microsoft SQL Server\120\Tools\Binn\;C:\Program Files\nodejs\;C:\Program Files\Git\cmd;C:\Users\Bilal\AppData\Local\Microsoft\WindowsApps;C:\Users\Bilal\AppData\Roaming\npm;C:\Users\Bilal\AppData\Local\atom\bin;C:\Program Files (x86)\Microsoft VS Code\bin
8 verbose lifecycle book-suggestor@1.0.0~prestart: CWD: F:\Work\eMumba\Angular\ShouldIReadThisBook
9 silly lifecycle book-suggestor@1.0.0~prestart: Args: [ '/d /s /c', 'npm install' ]
10 silly lifecycle book-suggestor@1.0.0~prestart: Returned: code: 1  signal: null
11 info lifecycle book-suggestor@1.0.0~prestart: Failed to exec prestart script
12 verbose stack Error: book-suggestor@1.0.0 prestart: `npm install`
12 verbose stack Exit status 1
12 verbose stack     at EventEmitter.<anonymous> (C:\Program Files\nodejs\node_modules\npm\lib\utils\lifecycle.js:255:16)
12 verbose stack     at emitTwo (events.js:106:13)
12 verbose stack     at EventEmitter.emit (events.js:191:7)
12 verbose stack     at ChildProcess.<anonymous> (C:\Program Files\nodejs\node_modules\npm\lib\utils\spawn.js:40:14)
12 verbose stack     at emitTwo (events.js:106:13)
12 verbose stack     at ChildProcess.emit (events.js:191:7)
12 verbose stack     at maybeClose (internal/child_process.js:891:16)
12 verbose stack     at Process.ChildProcess._handle.onexit (internal/child_process.js:226:5)
13 verbose pkgid book-suggestor@1.0.0
14 verbose cwd F:\Work\eMumba\Angular\ShouldIReadThisBook
15 error Windows_NT 10.0.15063
16 error argv "C:\\Program Files\\nodejs\\node.exe" "C:\\Program Files\\nodejs\\node_modules\\npm\\bin\\npm-cli.js" "start"
17 error node v6.11.1
18 error npm  v3.10.10
19 error code ELIFECYCLE
20 error book-suggestor@1.0.0 prestart: `npm install`
20 error Exit status 1
21 error Failed at the book-suggestor@1.0.0 prestart script 'npm install'.
21 error Make sure you have the latest version of node.js and npm installed.
21 error If you do, this is most likely a problem with the book-suggestor package,
21 error not with npm itself.
21 error Tell the author that this fails on your system:
21 error     npm install
21 error You can get information on how to open an issue for this project with:
21 error     npm bugs book-suggestor
21 error Or if that isn't available, you can get their info via:
21 error     npm owner ls book-suggestor
21 error There is likely additional logging output above.
22 verbose exit [ 1, true ]
